{
  "RSpec": {
    "coverage": {
      "/Users/kehindealaka/Projects/Week_10_makers/bank_tech_test/spec/account_spec.rb": {
        "lines": [
          1,
          null,
          1,
          13,
          null,
          1,
          1,
          null,
          null,
          1,
          1,
          null,
          null,
          1,
          2,
          null,
          1,
          1,
          1,
          null,
          null,
          1,
          2,
          null,
          null,
          1,
          1,
          1,
          1,
          null,
          null,
          1,
          1,
          1,
          null,
          null,
          null,
          1,
          2,
          null,
          1,
          1,
          1,
          1,
          null,
          null,
          1,
          2,
          null,
          null,
          1,
          1,
          1,
          1,
          1,
          1,
          null,
          null,
          1,
          1,
          1,
          1,
          1,
          null,
          null,
          null
        ]
      },
      "/Users/kehindealaka/Projects/Week_10_makers/bank_tech_test/lib/account.rb": {
        "lines": [
          1,
          1,
          null,
          1,
          12,
          12,
          null,
          null,
          1,
          7,
          7,
          7,
          null,
          6,
          6,
          null,
          null,
          1,
          4,
          4,
          4,
          null,
          3,
          3,
          null,
          null,
          1,
          null,
          1,
          4,
          null,
          null,
          1,
          7,
          null,
          null
        ]
      },
      "/Users/kehindealaka/Projects/Week_10_makers/bank_tech_test/spec/account_statement_spec.rb": {
        "lines": [
          1,
          null,
          1,
          1,
          1,
          1,
          1,
          null,
          null,
          1,
          1,
          1,
          1,
          null,
          null,
          1,
          1,
          1,
          1,
          null,
          null,
          null,
          null,
          null,
          null,
          null,
          null,
          null,
          null,
          null
        ]
      },
      "/Users/kehindealaka/Projects/Week_10_makers/bank_tech_test/lib/account_statement.rb": {
        "lines": [
          1,
          1,
          1,
          null,
          1,
          3,
          null,
          null,
          1,
          1,
          null,
          null,
          1,
          1,
          null,
          null,
          1,
          0,
          0,
          null,
          null
        ]
      }
    },
    "timestamp": 1643807976
  }
}
